<?xml version='1.0' encoding='UTF-8'?>
<!DOCTYPE coverage SYSTEM 'http://cobertura.sourceforge.net/xml/coverage-04.dtd'>
<coverage line-rate="0.6768585131894485" branch-rate="0.5517560073937153" lines-covered="1129" lines-valid="1668" branches-covered="597" branches-valid="1082" complexity="0.0" timestamp="1778419521" version="gcovr 7.0">
  <sources>
    <source>.</source>
  </sources>
  <packages>
    <package name="src" line-rate="0.6768585131894485" branch-rate="0.5517560073937153" complexity="0.0">
      <classes>
        <class name="config_c" filename="src/config.c" line-rate="0.7766497461928934" branch-rate="0.6763005780346821" complexity="0.0">
          <methods/>
          <lines>
            <line number="11" hits="844" branch="false"/>
            <line number="13" hits="844" branch="true" condition-coverage="50% (2/4)">
              <conditions>
                <condition number="0" type="jump" coverage="50%"/>
              </conditions>
            </line>
            <line number="14" hits="0" branch="false"/>
            <line number="16" hits="844" branch="false"/>
            <line number="17" hits="2521" branch="true" condition-coverage="100% (2/2)">
              <conditions>
                <condition number="0" type="jump" coverage="100%"/>
              </conditions>
            </line>
            <line number="18" hits="2234" branch="false"/>
            <line number="19" hits="2234" branch="true" condition-coverage="50% (2/4)">
              <conditions>
                <condition number="0" type="jump" coverage="50%"/>
              </conditions>
            </line>
            <line number="20" hits="2234" branch="true" condition-coverage="100% (2/2)">
              <conditions>
                <condition number="0" type="jump" coverage="100%"/>
              </conditions>
            </line>
            <line number="21" hits="557" branch="false"/>
            <line number="24" hits="287" branch="false"/>
            <line number="27" hits="475" branch="false"/>
            <line number="29" hits="475" branch="true" condition-coverage="50% (1/2)">
              <conditions>
                <condition number="0" type="jump" coverage="50%"/>
              </conditions>
            </line>
            <line number="30" hits="0" branch="false"/>
            <line number="31" hits="475" branch="false"/>
            <line number="80" hits="37" branch="false"/>
            <line number="82" hits="37" branch="false"/>
            <line number="83" hits="37" branch="false"/>
            <line number="84" hits="37" branch="false"/>
            <line number="85" hits="37" branch="false"/>
            <line number="86" hits="37" branch="false"/>
            <line number="88" hits="37" branch="false"/>
            <line number="89" hits="37" branch="false"/>
            <line number="90" hits="37" branch="false"/>
            <line number="91" hits="37" branch="false"/>
            <line number="92" hits="37" branch="false"/>
            <line number="93" hits="37" branch="false"/>
            <line number="94" hits="37" branch="false"/>
            <line number="96" hits="37" branch="false"/>
            <line number="97" hits="37" branch="false"/>
            <line number="98" hits="37" branch="false"/>
            <line number="99" hits="37" branch="false"/>
            <line number="100" hits="37" branch="false"/>
            <line number="101" hits="37" branch="false"/>
            <line number="102" hits="37" branch="false"/>
            <line number="103" hits="37" branch="false"/>
            <line number="105" hits="37" branch="false"/>
            <line number="106" hits="37" branch="false"/>
            <line number="107" hits="37" branch="false"/>
            <line number="108" hits="37" branch="false"/>
            <line number="110" hits="242" branch="false"/>
            <line number="115" hits="242" branch="true" condition-coverage="50% (2/4)">
              <conditions>
                <condition number="0" type="jump" coverage="50%"/>
              </conditions>
            </line>
            <line number="116" hits="0" branch="false"/>
            <line number="117" hits="0" branch="false"/>
            <line number="120" hits="242" branch="false"/>
            <line number="121" hits="242" branch="false"/>
            <line number="122" hits="242" branch="true" condition-coverage="50% (2/4)">
              <conditions>
                <condition number="0" type="jump" coverage="50%"/>
              </conditions>
            </line>
            <line number="123" hits="0" branch="false"/>
            <line number="124" hits="0" branch="false"/>
            <line number="126" hits="242" branch="false"/>
            <line number="129" hits="242" branch="false"/>
            <line number="131" hits="242" branch="false"/>
            <line number="134" hits="90" branch="false"/>
            <line number="136" hits="90" branch="false"/>
            <line number="139" hits="90" branch="false"/>
            <line number="140" hits="90" branch="false"/>
            <line number="141" hits="90" branch="true" condition-coverage="66% (4/6)">
              <conditions>
                <condition number="0" type="jump" coverage="66%"/>
              </conditions>
            </line>
            <line number="142" hits="1" branch="false"/>
            <line number="143" hits="89" branch="true" condition-coverage="100% (4/4)">
              <conditions>
                <condition number="0" type="jump" coverage="100%"/>
              </conditions>
            </line>
            <line number="144" hits="3" branch="false"/>
            <line number="146" hits="86" branch="false"/>
            <line number="147" hits="86" branch="false"/>
            <line number="150" hits="57" branch="false"/>
            <line number="152" hits="57" branch="false"/>
            <line number="155" hits="57" branch="false"/>
            <line number="156" hits="57" branch="false"/>
            <line number="157" hits="57" branch="true" condition-coverage="50% (3/6)">
              <conditions>
                <condition number="0" type="jump" coverage="50%"/>
              </conditions>
            </line>
            <line number="158" hits="0" branch="false"/>
            <line number="159" hits="57" branch="true" condition-coverage="50% (2/4)">
              <conditions>
                <condition number="0" type="jump" coverage="50%"/>
              </conditions>
            </line>
            <line number="160" hits="0" branch="false"/>
            <line number="162" hits="57" branch="false"/>
            <line number="163" hits="57" branch="false"/>
            <line number="166" hits="90" branch="false"/>
            <line number="169" hits="90" branch="true" condition-coverage="50% (2/4)">
              <conditions>
                <condition number="0" type="jump" coverage="50%"/>
              </conditions>
            </line>
            <line number="170" hits="0" branch="false"/>
            <line number="171" hits="0" branch="false"/>
            <line number="173" hits="90" branch="true" condition-coverage="100% (2/2)">
              <conditions>
                <condition number="0" type="jump" coverage="100%"/>
              </conditions>
            </line>
            <line number="174" hits="4" branch="false"/>
            <line number="176" hits="4" branch="false"/>
            <line number="178" hits="86" branch="false"/>
            <line number="181" hits="90" branch="false"/>
            <line number="184" hits="90" branch="false"/>
            <line number="187" hits="57" branch="false"/>
            <line number="190" hits="57" branch="true" condition-coverage="50% (2/4)">
              <conditions>
                <condition number="0" type="jump" coverage="50%"/>
              </conditions>
            </line>
            <line number="191" hits="0" branch="false"/>
            <line number="192" hits="0" branch="false"/>
            <line number="194" hits="57" branch="true" condition-coverage="50% (1/2)">
              <conditions>
                <condition number="0" type="jump" coverage="50%"/>
              </conditions>
            </line>
            <line number="195" hits="0" branch="false"/>
            <line number="197" hits="0" branch="false"/>
            <line number="199" hits="57" branch="false"/>
            <line number="202" hits="57" branch="false"/>
            <line number="205" hits="57" branch="false"/>
            <line number="208" hits="39" branch="false"/>
            <line number="212" hits="39" branch="true" condition-coverage="50% (2/4)">
              <conditions>
                <condition number="0" type="jump" coverage="50%"/>
              </conditions>
            </line>
            <line number="213" hits="0" branch="false"/>
            <line number="214" hits="0" branch="false"/>
            <line number="217" hits="39" branch="false"/>
            <line number="218" hits="39" branch="true" condition-coverage="100% (6/6)">
              <conditions>
                <condition number="0" type="jump" coverage="100%"/>
              </conditions>
            </line>
            <line number="219" hits="36" branch="false"/>
            <line number="220" hits="36" branch="false"/>
            <line number="222" hits="3" branch="true" condition-coverage="83% (5/6)">
              <conditions>
                <condition number="0" type="jump" coverage="83%"/>
              </conditions>
            </line>
            <line number="223" hits="2" branch="false"/>
            <line number="224" hits="2" branch="false"/>
            <line number="227" hits="1" branch="false"/>
            <line number="228" hits="1" branch="false"/>
            <line number="231" hits="39" branch="false"/>
            <line number="233" hits="39" branch="false"/>
            <line number="236" hits="21" branch="false"/>
            <line number="238" hits="21" branch="true" condition-coverage="100% (2/2)">
              <conditions>
                <condition number="0" type="jump" coverage="100%"/>
              </conditions>
            </line>
            <line number="239" hits="11" branch="false"/>
            <line number="240" hits="10" branch="true" condition-coverage="100% (2/2)">
              <conditions>
                <condition number="0" type="jump" coverage="100%"/>
              </conditions>
            </line>
            <line number="241" hits="2" branch="false"/>
            <line number="242" hits="8" branch="true" condition-coverage="100% (2/2)">
              <conditions>
                <condition number="0" type="jump" coverage="100%"/>
              </conditions>
            </line>
            <line number="243" hits="1" branch="false"/>
            <line number="244" hits="7" branch="true" condition-coverage="50% (1/2)">
              <conditions>
                <condition number="0" type="jump" coverage="50%"/>
              </conditions>
            </line>
            <line number="245" hits="7" branch="false"/>
            <line number="247" hits="0" branch="false"/>
            <line number="248" hits="21" branch="false"/>
            <line number="251" hits="21" branch="false"/>
            <line number="253" hits="21" branch="true" condition-coverage="100% (2/2)">
              <conditions>
                <condition number="0" type="jump" coverage="100%"/>
              </conditions>
            </line>
            <line number="254" hits="20" branch="false"/>
            <line number="255" hits="1" branch="true" condition-coverage="50% (1/2)">
              <conditions>
                <condition number="0" type="jump" coverage="50%"/>
              </conditions>
            </line>
            <line number="256" hits="1" branch="false"/>
            <line number="258" hits="0" branch="false"/>
            <line number="259" hits="21" branch="false"/>
            <line number="262" hits="21" branch="false"/>
            <line number="264" hits="21" branch="true" condition-coverage="50% (1/2)">
              <conditions>
                <condition number="0" type="jump" coverage="50%"/>
              </conditions>
            </line>
            <line number="265" hits="0" branch="false"/>
            <line number="266" hits="21" branch="true" condition-coverage="50% (1/2)">
              <conditions>
                <condition number="0" type="jump" coverage="50%"/>
              </conditions>
            </line>
            <line number="267" hits="0" branch="false"/>
            <line number="268" hits="0" branch="false"/>
            <line number="271" hits="21" branch="false"/>
            <line number="272" hits="21" branch="false"/>
            <line number="273" hits="53" branch="true" condition-coverage="100% (2/2)">
              <conditions>
                <condition number="0" type="jump" coverage="100%"/>
              </conditions>
            </line>
            <line number="274" hits="32" branch="false"/>
            <line number="275" hits="32" branch="true" condition-coverage="50% (2/4)">
              <conditions>
                <condition number="0" type="jump" coverage="50%"/>
              </conditions>
            </line>
            <line number="276" hits="0" branch="false"/>
            <line number="277" hits="0" branch="false"/>
            <line number="279" hits="32" branch="false"/>
            <line number="280" hits="32" branch="true" condition-coverage="100% (2/2)">
              <conditions>
                <condition number="0" type="jump" coverage="100%"/>
              </conditions>
            </line>
            <line number="281" hits="12" branch="false"/>
            <line number="282" hits="20" branch="true" condition-coverage="50% (1/2)">
              <conditions>
                <condition number="0" type="jump" coverage="50%"/>
              </conditions>
            </line>
            <line number="283" hits="20" branch="false"/>
            <line number="285" hits="0" branch="false"/>
            <line number="286" hits="0" branch="false"/>
            <line number="290" hits="21" branch="true" condition-coverage="50% (1/2)">
              <conditions>
                <condition number="0" type="jump" coverage="50%"/>
              </conditions>
            </line>
            <line number="291" hits="0" branch="false"/>
            <line number="292" hits="0" branch="false"/>
            <line number="294" hits="21" branch="false"/>
            <line number="297" hits="17" branch="false"/>
            <line number="303" hits="17" branch="true" condition-coverage="50% (2/4)">
              <conditions>
                <condition number="0" type="jump" coverage="50%"/>
              </conditions>
            </line>
            <line number="304" hits="0" branch="false"/>
            <line number="305" hits="17" branch="true" condition-coverage="100% (2/2)">
              <conditions>
                <condition number="0" type="jump" coverage="100%"/>
              </conditions>
            </line>
            <line number="306" hits="1" branch="false"/>
            <line number="307" hits="16" branch="true" condition-coverage="50% (1/2)">
              <conditions>
                <condition number="0" type="jump" coverage="50%"/>
              </conditions>
            </line>
            <line number="308" hits="0" branch="false"/>
            <line number="309" hits="16" branch="true" condition-coverage="50% (2/4)">
              <conditions>
                <condition number="0" type="jump" coverage="50%"/>
              </conditions>
            </line>
            <line number="310" hits="0" branch="false"/>
            <line number="311" hits="16" branch="false"/>
            <line number="314" hits="32" branch="false"/>
            <line number="316" hits="60" branch="true" condition-coverage="100% (2/2)">
              <conditions>
                <condition number="0" type="jump" coverage="100%"/>
              </conditions>
            </line>
            <line number="317" hits="31" branch="false"/>
            <line number="319" hits="31" branch="true" condition-coverage="50% (2/4)">
              <conditions>
                <condition number="0" type="jump" coverage="50%"/>
              </conditions>
            </line>
            <line number="320" hits="0" branch="false"/>
            <line number="321" hits="0" branch="false"/>
            <line number="323" hits="31" branch="true" condition-coverage="50% (1/2)">
              <conditions>
                <condition number="0" type="jump" coverage="50%"/>
              </conditions>
            </line>
            <line number="324" hits="0" branch="false"/>
            <line number="325" hits="0" branch="false"/>
            <line number="328" hits="31" branch="true" condition-coverage="100% (2/2)">
              <conditions>
                <condition number="0" type="jump" coverage="100%"/>
              </conditions>
            </line>
            <line number="329" hits="13" branch="true" condition-coverage="100% (2/2)">
              <conditions>
                <condition number="0" type="jump" coverage="100%"/>
              </conditions>
            </line>
            <line number="330" hits="1" branch="false"/>
            <line number="331" hits="1" branch="false"/>
            <line number="333" hits="18" branch="true" condition-coverage="100% (2/2)">
              <conditions>
                <condition number="0" type="jump" coverage="100%"/>
              </conditions>
            </line>
            <line number="334" hits="17" branch="true" condition-coverage="100% (2/2)">
              <conditions>
                <condition number="0" type="jump" coverage="100%"/>
              </conditions>
            </line>
            <line number="335" hits="1" branch="false"/>
            <line number="336" hits="1" branch="false"/>
            <line number="339" hits="1" branch="false"/>
            <line number="340" hits="1" branch="false"/>
            <line number="344" hits="29" branch="false"/>
            <line number="347" hits="21" branch="false"/>
            <line number="349" hits="21" branch="false"/>
            <line number="351" hits="21" branch="true" condition-coverage="50% (1/2)">
              <conditions>
                <condition number="0" type="jump" coverage="50%"/>
              </conditions>
            </line>
            <line number="352" hits="0" branch="false"/>
            <line number="354" hits="0" branch="false"/>
            <line number="357" hits="21" branch="true" condition-coverage="75% (3/4)">
              <conditions>
                <condition number="0" type="jump" coverage="75%"/>
              </conditions>
            </line>
            <line number="358" hits="19" branch="true" condition-coverage="50% (2/4)">
              <conditions>
                <condition number="0" type="jump" coverage="50%"/>
              </conditions>
            </line>
            <line number="359" hits="19" branch="true" condition-coverage="25% (1/4)">
              <conditions>
                <condition number="0" type="jump" coverage="25%"/>
              </conditions>
            </line>
            <line number="360" hits="19" branch="true" condition-coverage="50% (2/4)">
              <conditions>
                <condition number="0" type="jump" coverage="50%"/>
              </conditions>
            </line>
            <line number="362" hits="19" branch="false"/>
            <line number="365" hits="21" branch="false"/>
            <line number="367" hits="21" branch="false"/>
            <line number="369" hits="21" branch="true" condition-coverage="50% (1/2)">
              <conditions>
                <condition number="0" type="jump" coverage="50%"/>
              </conditions>
            </line>
            <line number="370" hits="0" branch="false"/>
            <line number="372" hits="0" branch="false"/>
            <line number="375" hits="21" branch="true" condition-coverage="75% (3/4)">
              <conditions>
                <condition number="0" type="jump" coverage="75%"/>
              </conditions>
            </line>
            <line number="376" hits="21" branch="true" condition-coverage="75% (3/4)">
              <conditions>
                <condition number="0" type="jump" coverage="75%"/>
              </conditions>
            </line>
            <line number="378" hits="21" branch="false"/>
            <line number="379" hits="21" branch="true" condition-coverage="50% (1/2)">
              <conditions>
                <condition number="0" type="jump" coverage="50%"/>
              </conditions>
            </line>
            <line number="381" hits="21" branch="false"/>
            <line number="382" hits="21" branch="true" condition-coverage="50% (1/2)">
              <conditions>
                <condition number="0" type="jump" coverage="50%"/>
              </conditions>
            </line>
            <line number="383" hits="0" branch="false"/>
            <line number="384" hits="0" branch="false"/>
            <line number="386" hits="21" branch="true" condition-coverage="50% (1/2)">
              <conditions>
                <condition number="0" type="jump" coverage="50%"/>
              </conditions>
            </line>
            <line number="387" hits="0" branch="false"/>
            <line number="388" hits="0" branch="false"/>
            <line number="392" hits="21" branch="false"/>
            <line number="393" hits="21" branch="true" condition-coverage="50% (1/2)">
              <conditions>
                <condition number="0" type="jump" coverage="50%"/>
              </conditions>
            </line>
            <line number="395" hits="21" branch="false"/>
            <line number="396" hits="21" branch="true" condition-coverage="50% (1/2)">
              <conditions>
                <condition number="0" type="jump" coverage="50%"/>
              </conditions>
            </line>
            <line number="397" hits="0" branch="false"/>
            <line number="398" hits="0" branch="false"/>
            <line number="400" hits="21" branch="true" condition-coverage="50% (1/2)">
              <conditions>
                <condition number="0" type="jump" coverage="50%"/>
              </conditions>
            </line>
            <line number="401" hits="0" branch="false"/>
            <line number="402" hits="0" branch="false"/>
            <line number="406" hits="21" branch="true" condition-coverage="75% (3/4)">
              <conditions>
                <condition number="0" type="jump" coverage="75%"/>
              </conditions>
            </line>
            <line number="407" hits="21" branch="true" condition-coverage="75% (3/4)">
              <conditions>
                <condition number="0" type="jump" coverage="75%"/>
              </conditions>
            </line>
            <line number="408" hits="21" branch="true" condition-coverage="75% (3/4)">
              <conditions>
                <condition number="0" type="jump" coverage="75%"/>
              </conditions>
            </line>
            <line number="410" hits="21" branch="false"/>
            <line number="411" hits="21" branch="true" condition-coverage="50% (1/2)">
              <conditions>
                <condition number="0" type="jump" coverage="50%"/>
              </conditions>
            </line>
            <line number="412" hits="21" branch="true" condition-coverage="50% (1/2)">
              <conditions>
                <condition number="0" type="jump" coverage="50%"/>
              </conditions>
            </line>
            <line number="413" hits="0" branch="false"/>
            <line number="414" hits="0" branch="false"/>
            <line number="418" hits="21" branch="false"/>
            <line number="421" hits="35" branch="false"/>
            <line number="423" hits="35" branch="false"/>
            <line number="425" hits="35" branch="true" condition-coverage="50% (1/2)">
              <conditions>
                <condition number="0" type="jump" coverage="50%"/>
              </conditions>
            </line>
            <line number="426" hits="0" branch="false"/>
            <line number="428" hits="0" branch="false"/>
            <line number="431" hits="35" branch="true" condition-coverage="75% (3/4)">
              <conditions>
                <condition number="0" type="jump" coverage="75%"/>
              </conditions>
            </line>
            <line number="432" hits="35" branch="true" condition-coverage="75% (3/4)">
              <conditions>
                <condition number="0" type="jump" coverage="75%"/>
              </conditions>
            </line>
            <line number="433" hits="35" branch="true" condition-coverage="75% (3/4)">
              <conditions>
                <condition number="0" type="jump" coverage="75%"/>
              </conditions>
            </line>
            <line number="434" hits="35" branch="true" condition-coverage="75% (3/4)">
              <conditions>
                <condition number="0" type="jump" coverage="75%"/>
              </conditions>
            </line>
            <line number="435" hits="35" branch="true" condition-coverage="75% (3/4)">
              <conditions>
                <condition number="0" type="jump" coverage="75%"/>
              </conditions>
            </line>
            <line number="436" hits="35" branch="true" condition-coverage="100% (4/4)">
              <conditions>
                <condition number="0" type="jump" coverage="100%"/>
              </conditions>
            </line>
            <line number="437" hits="34" branch="true" condition-coverage="100% (4/4)">
              <conditions>
                <condition number="0" type="jump" coverage="100%"/>
              </conditions>
            </line>
            <line number="438" hits="33" branch="true" condition-coverage="75% (3/4)">
              <conditions>
                <condition number="0" type="jump" coverage="75%"/>
              </conditions>
            </line>
            <line number="440" hits="33" branch="false"/>
            <line number="443" hits="9" branch="false"/>
            <line number="445" hits="9" branch="false"/>
            <line number="447" hits="9" branch="true" condition-coverage="50% (1/2)">
              <conditions>
                <condition number="0" type="jump" coverage="50%"/>
              </conditions>
            </line>
            <line number="448" hits="0" branch="false"/>
            <line number="450" hits="0" branch="false"/>
            <line number="453" hits="9" branch="true" condition-coverage="75% (3/4)">
              <conditions>
                <condition number="0" type="jump" coverage="75%"/>
              </conditions>
            </line>
            <line number="454" hits="8" branch="true" condition-coverage="50% (2/4)">
              <conditions>
                <condition number="0" type="jump" coverage="50%"/>
              </conditions>
            </line>
            <line number="455" hits="8" branch="true" condition-coverage="50% (2/4)">
              <conditions>
                <condition number="0" type="jump" coverage="50%"/>
              </conditions>
            </line>
            <line number="457" hits="8" branch="false"/>
            <line number="460" hits="31" branch="false"/>
            <line number="462" hits="31" branch="true" condition-coverage="50% (1/2)">
              <conditions>
                <condition number="0" type="jump" coverage="50%"/>
              </conditions>
            </line>
            <line number="463" hits="0" branch="false"/>
            <line number="464" hits="0" branch="false"/>
            <line number="467" hits="31" branch="false"/>
            <line number="468" hits="31" branch="false"/>
            <line number="470" hits="31" branch="false"/>
            <line number="471" hits="62" branch="true" condition-coverage="50% (2/4)">
              <conditions>
                <condition number="0" type="jump" coverage="50%"/>
              </conditions>
            </line>
            <line number="472" hits="31" branch="false"/>
            <line number="473" hits="31" branch="false"/>
            <line number="474" hits="0" branch="false"/>
            <line number="475" hits="0" branch="false"/>
            <line number="478" hits="31" branch="false"/>
            <line number="479" hits="62" branch="true" condition-coverage="50% (2/4)">
              <conditions>
                <condition number="0" type="jump" coverage="50%"/>
              </conditions>
            </line>
            <line number="480" hits="31" branch="false"/>
            <line number="481" hits="31" branch="false"/>
            <line number="482" hits="0" branch="false"/>
            <line number="483" hits="0" branch="false"/>
            <line number="486" hits="31" branch="false"/>
            <line number="487" hits="43" branch="true" condition-coverage="75% (3/4)">
              <conditions>
                <condition number="0" type="jump" coverage="75%"/>
              </conditions>
            </line>
            <line number="488" hits="12" branch="false"/>
            <line number="489" hits="12" branch="false"/>
            <line number="490" hits="0" branch="false"/>
            <line number="492" hits="31" branch="false"/>
            <line number="493" hits="49" branch="true" condition-coverage="75% (3/4)">
              <conditions>
                <condition number="0" type="jump" coverage="75%"/>
              </conditions>
            </line>
            <line number="494" hits="18" branch="false"/>
            <line number="495" hits="18" branch="false"/>
            <line number="496" hits="0" branch="false"/>
            <line number="498" hits="31" branch="true" condition-coverage="100% (2/2)">
              <conditions>
                <condition number="0" type="jump" coverage="100%"/>
              </conditions>
            </line>
            <line number="499" hits="12" branch="true" condition-coverage="50% (1/2)">
              <conditions>
                <condition number="0" type="jump" coverage="50%"/>
              </conditions>
            </line>
            <line number="500" hits="12" branch="false"/>
            <line number="502" hits="0" branch="false"/>
            <line number="503" hits="0" branch="false"/>
            <line number="505" hits="0" branch="false"/>
            <line number="509" hits="31" branch="false"/>
            <line number="510" hits="31" branch="false"/>
            <line number="513" hits="22" branch="false"/>
            <line number="515" hits="22" branch="true" condition-coverage="50% (1/2)">
              <conditions>
                <condition number="0" type="jump" coverage="50%"/>
              </conditions>
            </line>
            <line number="516" hits="0" branch="false"/>
            <line number="518" hits="0" branch="false"/>
            <line number="521" hits="22" branch="false"/>
            <line number="522" hits="53" branch="true" condition-coverage="100% (2/2)">
              <conditions>
                <condition number="0" type="jump" coverage="100%"/>
              </conditions>
            </line>
            <line number="523" hits="31" branch="false"/>
            <line number="524" hits="31" branch="true" condition-coverage="50% (2/4)">
              <conditions>
                <condition number="0" type="jump" coverage="50%"/>
              </conditions>
            </line>
            <line number="525" hits="0" branch="false"/>
            <line number="527" hits="0" branch="false"/>
            <line number="530" hits="31" branch="true" condition-coverage="50% (1/2)">
              <conditions>
                <condition number="0" type="jump" coverage="50%"/>
              </conditions>
            </line>
            <line number="531" hits="0" branch="false"/>
            <line number="534" hits="22" branch="false"/>
            <line number="537" hits="32" branch="false"/>
            <line number="539" hits="32" branch="true" condition-coverage="50% (2/4)">
              <conditions>
                <condition number="0" type="jump" coverage="50%"/>
              </conditions>
            </line>
            <line number="540" hits="0" branch="false"/>
            <line number="541" hits="0" branch="false"/>
            <line number="544" hits="32" branch="true" condition-coverage="50% (1/2)">
              <conditions>
                <condition number="0" type="jump" coverage="50%"/>
              </conditions>
            </line>
            <line number="545" hits="0" branch="false"/>
            <line number="546" hits="0" branch="false"/>
            <line number="549" hits="32" branch="true" condition-coverage="75% (3/4)">
              <conditions>
                <condition number="0" type="jump" coverage="75%"/>
              </conditions>
            </line>
            <line number="550" hits="0" branch="false"/>
            <line number="551" hits="0" branch="false"/>
            <line number="554" hits="32" branch="true" condition-coverage="100% (2/2)">
              <conditions>
                <condition number="0" type="jump" coverage="100%"/>
              </conditions>
            </line>
            <line number="555" hits="3" branch="false"/>
            <line number="557" hits="29" branch="false"/>
            <line number="560" hits="37" branch="false"/>
            <line number="562" hits="37" branch="false"/>
            <line number="567" hits="37" branch="false"/>
            <line number="568" hits="37" branch="false"/>
            <line number="569" hits="37" branch="false"/>
            <line number="571" hits="37" branch="true" condition-coverage="50% (2/4)">
              <conditions>
                <condition number="0" type="jump" coverage="50%"/>
              </conditions>
            </line>
            <line number="572" hits="0" branch="false"/>
            <line number="573" hits="0" branch="false"/>
            <line number="576" hits="37" branch="false"/>
            <line number="578" hits="37" branch="false"/>
            <line number="579" hits="37" branch="true" condition-coverage="50% (1/2)">
              <conditions>
                <condition number="0" type="jump" coverage="50%"/>
              </conditions>
            </line>
            <line number="580" hits="0" branch="false"/>
            <line number="581" hits="0" branch="false"/>
            <line number="584" hits="37" branch="true" condition-coverage="50% (1/2)">
              <conditions>
                <condition number="0" type="jump" coverage="50%"/>
              </conditions>
            </line>
            <line number="585" hits="0" branch="false"/>
            <line number="586" hits="0" branch="false"/>
            <line number="588" hits="37" branch="false"/>
            <line number="589" hits="37" branch="false"/>
            <line number="591" hits="37" branch="true" condition-coverage="50% (1/2)">
              <conditions>
                <condition number="0" type="jump" coverage="50%"/>
              </conditions>
            </line>
            <line number="592" hits="0" branch="false"/>
            <line number="593" hits="0" branch="false"/>
            <line number="595" hits="37" branch="false"/>
            <line number="597" hits="37" branch="false"/>
            <line number="598" hits="37" branch="true" condition-coverage="50% (2/4)">
              <conditions>
                <condition number="0" type="jump" coverage="50%"/>
              </conditions>
            </line>
            <line number="599" hits="0" branch="false"/>
            <line number="600" hits="0" branch="false"/>
            <line number="603" hits="37" branch="false"/>
            <line number="604" hits="37" branch="false"/>
            <line number="605" hits="37" branch="false"/>
            <line number="607" hits="37" branch="false"/>
            <line number="608" hits="37" branch="true" condition-coverage="100% (4/4)">
              <conditions>
                <condition number="0" type="jump" coverage="100%"/>
              </conditions>
            </line>
            <line number="609" hits="2" branch="false"/>
            <line number="611" hits="35" branch="false"/>
            <line number="612" hits="35" branch="true" condition-coverage="75% (3/4)">
              <conditions>
                <condition number="0" type="jump" coverage="75%"/>
              </conditions>
            </line>
            <line number="613" hits="0" branch="false"/>
            <line number="615" hits="35" branch="false"/>
            <line number="616" hits="35" branch="true" condition-coverage="75% (3/4)">
              <conditions>
                <condition number="0" type="jump" coverage="75%"/>
              </conditions>
            </line>
            <line number="617" hits="2" branch="false"/>
            <line number="619" hits="33" branch="false"/>
            <line number="620" hits="33" branch="true" condition-coverage="100% (4/4)">
              <conditions>
                <condition number="0" type="jump" coverage="100%"/>
              </conditions>
            </line>
            <line number="621" hits="1" branch="false"/>
            <line number="623" hits="32" branch="false"/>
            <line number="624" hits="32" branch="true" condition-coverage="75% (3/4)">
              <conditions>
                <condition number="0" type="jump" coverage="75%"/>
              </conditions>
            </line>
            <line number="625" hits="0" branch="false"/>
            <line number="627" hits="32" branch="true" condition-coverage="100% (2/2)">
              <conditions>
                <condition number="0" type="jump" coverage="100%"/>
              </conditions>
            </line>
            <line number="628" hits="3" branch="false"/>
            <line number="630" hits="29" branch="false"/>
            <line number="632" hits="37" branch="false"/>
            <line number="633" hits="37" branch="true" condition-coverage="50% (1/2)">
              <conditions>
                <condition number="0" type="jump" coverage="50%"/>
              </conditions>
            </line>
            <line number="634" hits="37" branch="false"/>
            <line number="635" hits="37" branch="true" condition-coverage="50% (1/2)">
              <conditions>
                <condition number="0" type="jump" coverage="50%"/>
              </conditions>
            </line>
            <line number="636" hits="37" branch="false"/>
            <line number="637" hits="37" branch="true" condition-coverage="50% (1/2)">
              <conditions>
                <condition number="0" type="jump" coverage="50%"/>
              </conditions>
            </line>
            <line number="638" hits="37" branch="false"/>
            <line number="639" hits="37" branch="false"/>
            <line number="642" hits="17" branch="false"/>
            <line number="644" hits="17" branch="false"/>
            <line number="645" hits="17" branch="true" condition-coverage="100% (2/2)">
              <conditions>
                <condition number="0" type="jump" coverage="100%"/>
              </conditions>
            </line>
            <line number="647" hits="1" branch="false"/>
            <line number="648" hits="1" branch="true" condition-coverage="50% (3/6)">
              <conditions>
                <condition number="0" type="jump" coverage="50%"/>
              </conditions>
            </line>
            <line number="649" hits="1" branch="false"/>
            <line number="651" hits="0" branch="false"/>
            <line number="656" hits="17" branch="false"/>
            <line number="657" hits="17" branch="true" condition-coverage="100% (2/2)">
              <conditions>
                <condition number="0" type="jump" coverage="100%"/>
              </conditions>
            </line>
            <line number="658" hits="1" branch="false"/>
            <line number="659" hits="1" branch="false"/>
            <line number="662" hits="17" branch="false"/>
            <line number="663" hits="17" branch="true" condition-coverage="100% (2/2)">
              <conditions>
                <condition number="0" type="jump" coverage="100%"/>
              </conditions>
            </line>
            <line number="665" hits="1" branch="false"/>
            <line number="666" hits="1" branch="true" condition-coverage="50% (3/6)">
              <conditions>
                <condition number="0" type="jump" coverage="50%"/>
              </conditions>
            </line>
            <line number="667" hits="1" branch="false"/>
            <line number="669" hits="0" branch="false"/>
            <line number="674" hits="17" branch="false"/>
            <line number="675" hits="17" branch="true" condition-coverage="100% (2/2)">
              <conditions>
                <condition number="0" type="jump" coverage="100%"/>
              </conditions>
            </line>
            <line number="677" hits="4" branch="false"/>
            <line number="678" hits="4" branch="true" condition-coverage="83% (5/6)">
              <conditions>
                <condition number="0" type="jump" coverage="83%"/>
              </conditions>
            </line>
            <line number="679" hits="2" branch="false"/>
            <line number="681" hits="2" branch="false"/>
            <line number="686" hits="17" branch="false"/>
            <line number="687" hits="17" branch="true" condition-coverage="100% (2/2)">
              <conditions>
                <condition number="0" type="jump" coverage="100%"/>
              </conditions>
            </line>
            <line number="688" hits="3" branch="false"/>
            <line number="689" hits="3" branch="false"/>
            <line number="692" hits="17" branch="false"/>
            <line number="693" hits="17" branch="true" condition-coverage="100% (2/2)">
              <conditions>
                <condition number="0" type="jump" coverage="100%"/>
              </conditions>
            </line>
            <line number="694" hits="3" branch="false"/>
            <line number="695" hits="3" branch="false"/>
            <line number="697" hits="17" branch="false"/>
          </lines>
        </class>
        <class name="http2_response_c" filename="src/http2_response.c" line-rate="0.625" branch-rate="0.16666666666666666" complexity="0.0">
          <methods/>
          <lines>
            <line number="5" hits="1" branch="false"/>
            <line number="7" hits="1" branch="false"/>
            <line number="8" hits="1" branch="false"/>
            <line number="9" hits="1" branch="false"/>
            <line number="10" hits="1" branch="false"/>
            <line number="11" hits="1" branch="false"/>
            <line number="13" hits="1" branch="false"/>
            <line number="15" hits="1" branch="false"/>
            <line number="16" hits="1" branch="true" condition-coverage="50% (1/2)">
              <conditions>
                <condition number="0" type="jump" coverage="50%"/>
              </conditions>
            </line>
            <line number="17" hits="1" branch="false"/>
            <line number="18" hits="1" branch="false"/>
            <line number="20" hits="0" branch="false"/>
            <line number="22" hits="0" branch="true" condition-coverage="0% (0/2)">
              <conditions>
                <condition number="0" type="jump" coverage="0%"/>
              </conditions>
            </line>
            <line number="23" hits="0" branch="false"/>
            <line number="25" hits="0" branch="false"/>
            <line number="26" hits="0" branch="false"/>
            <line number="29" hits="0" branch="false"/>
            <line number="31" hits="0" branch="true" condition-coverage="0% (0/2)">
              <conditions>
                <condition number="0" type="jump" coverage="0%"/>
              </conditions>
            </line>
            <line number="32" hits="0" branch="false"/>
            <line number="34" hits="0" branch="false"/>
            <line number="35" hits="0" branch="false"/>
            <line number="36" hits="0" branch="false"/>
            <line number="37" hits="0" branch="false"/>
            <line number="39" hits="1" branch="false"/>
            <line number="41" hits="1" branch="false"/>
            <line number="42" hits="1" branch="false"/>
            <line number="44" hits="1" branch="false"/>
            <line number="46" hits="1" branch="false"/>
            <line number="47" hits="1" branch="false"/>
            <line number="49" hits="1" branch="false"/>
            <line number="51" hits="1" branch="false"/>
            <line number="52" hits="1" branch="false"/>
          </lines>
        </class>
        <class name="http_parser_c" filename="src/http_parser.c" line-rate="1.0" branch-rate="0.75" complexity="0.0">
          <methods/>
          <lines>
            <line number="7" hits="13" branch="false"/>
            <line number="8" hits="13" branch="false"/>
            <line number="9" hits="13" branch="false"/>
            <line number="13" hits="13" branch="false"/>
            <line number="14" hits="13" branch="true" condition-coverage="50% (1/2)">
              <conditions>
                <condition number="0" type="jump" coverage="50%"/>
              </conditions>
            </line>
            <line number="15" hits="13" branch="true" condition-coverage="100% (2/2)">
              <conditions>
                <condition number="0" type="jump" coverage="100%"/>
              </conditions>
            </line>
            <line number="16" hits="12" branch="false"/>
            <line number="19" hits="12" branch="false"/>
            <line number="20" hits="12" branch="false"/>
            <line number="21" hits="12" branch="true" condition-coverage="100% (2/2)">
              <conditions>
                <condition number="0" type="jump" coverage="100%"/>
              </conditions>
            </line>
            <line number="22" hits="11" branch="false"/>
            <line number="23" hits="11" branch="true" condition-coverage="50% (1/2)">
              <conditions>
                <condition number="0" type="jump" coverage="50%"/>
              </conditions>
            </line>
            <line number="24" hits="43" branch="true" condition-coverage="100% (2/2)">
              <conditions>
                <condition number="0" type="jump" coverage="100%"/>
              </conditions>
            </line>
            <line number="25" hits="33" branch="true" condition-coverage="100% (2/2)">
              <conditions>
                <condition number="0" type="jump" coverage="100%"/>
              </conditions>
            </line>
            <line number="27" hits="10" branch="false"/>
            <line number="30" hits="10" branch="false"/>
            <line number="31" hits="10" branch="false"/>
            <line number="32" hits="10" branch="true" condition-coverage="100% (2/2)">
              <conditions>
                <condition number="0" type="jump" coverage="100%"/>
              </conditions>
            </line>
            <line number="33" hits="9" branch="false"/>
            <line number="34" hits="9" branch="false"/>
            <line number="37" hits="9" branch="false"/>
            <line number="38" hits="9" branch="false"/>
            <line number="39" hits="9" branch="true" condition-coverage="50% (1/2)">
              <conditions>
                <condition number="0" type="jump" coverage="50%"/>
              </conditions>
            </line>
            <line number="42" hits="9" branch="false"/>
            <line number="45" hits="9" branch="false"/>
            <line number="46" hits="54" branch="true" condition-coverage="66% (4/6)">
              <conditions>
                <condition number="0" type="jump" coverage="66%"/>
              </conditions>
            </line>
            <line number="47" hits="47" branch="false"/>
            <line number="48" hits="47" branch="true" condition-coverage="50% (1/2)">
              <conditions>
                <condition number="0" type="jump" coverage="50%"/>
              </conditions>
            </line>
            <line number="49" hits="47" branch="false"/>
            <line number="52" hits="47" branch="false"/>
            <line number="53" hits="47" branch="true" condition-coverage="50% (1/2)">
              <conditions>
                <condition number="0" type="jump" coverage="50%"/>
              </conditions>
            </line>
            <line number="54" hits="47" branch="false"/>
            <line number="55" hits="47" branch="false"/>
            <line number="56" hits="47" branch="false"/>
            <line number="59" hits="94" branch="true" condition-coverage="75% (3/4)">
              <conditions>
                <condition number="0" type="jump" coverage="75%"/>
              </conditions>
            </line>
            <line number="61" hits="47" branch="true" condition-coverage="100% (2/2)">
              <conditions>
                <condition number="0" type="jump" coverage="100%"/>
              </conditions>
            </line>
            <line number="62" hits="45" branch="false"/>
            <line number="63" hits="45" branch="false"/>
            <line number="64" hits="45" branch="false"/>
            <line number="66" hits="45" branch="false"/>
            <line number="70" hits="7" branch="false"/>
          </lines>
        </class>
        <class name="log_c" filename="src/log.c" line-rate="0.6902654867256637" branch-rate="0.5" complexity="0.0">
          <methods/>
          <lines>
            <line number="39" hits="0" branch="false"/>
            <line number="40" hits="0" branch="true" condition-coverage="0% (0/2)">
              <conditions>
                <condition number="0" type="jump" coverage="0%"/>
              </conditions>
            </line>
            <line number="41" hits="0" branch="false"/>
            <line number="44" hits="0" branch="true" condition-coverage="0% (0/2)">
              <conditions>
                <condition number="0" type="jump" coverage="0%"/>
              </conditions>
            </line>
            <line number="45" hits="0" branch="false"/>
            <line number="46" hits="0" branch="false"/>
            <line number="53" hits="0" branch="false"/>
            <line number="54" hits="0" branch="false"/>
            <line number="55" hits="0" branch="false"/>
            <line number="58" hits="0" branch="false"/>
            <line number="61" hits="0" branch="false"/>
            <line number="62" hits="0" branch="false"/>
            <line number="63" hits="0" branch="false"/>
            <line number="67" hits="153" branch="false"/>
            <line number="68" hits="153" branch="true" condition-coverage="50% (1/2)">
              <conditions>
                <condition number="0" type="jump" coverage="50%"/>
              </conditions>
            </line>
            <line number="69" hits="0" branch="false"/>
            <line number="71" hits="153" branch="false"/>
            <line number="72" hits="153" branch="false"/>
            <line number="75" hits="153" branch="true" condition-coverage="50% (2/4)">
              <conditions>
                <condition number="0" type="jump" coverage="50%"/>
              </conditions>
            </line>
            <line number="76" hits="0" branch="false"/>
            <line number="79" hits="153" branch="true" condition-coverage="50% (1/2)">
              <conditions>
                <condition number="0" type="jump" coverage="50%"/>
              </conditions>
            </line>
            <line number="81" hits="153" branch="false"/>
            <line number="83" hits="153" branch="false"/>
            <line number="84" hits="153" branch="false"/>
            <line number="86" hits="153" branch="true" condition-coverage="50% (2/4)">
              <conditions>
                <condition number="0" type="jump" coverage="50%"/>
              </conditions>
            </line>
            <line number="87" hits="0" branch="false"/>
            <line number="90" hits="153" branch="true" condition-coverage="50% (1/2)">
              <conditions>
                <condition number="0" type="jump" coverage="50%"/>
              </conditions>
            </line>
            <line number="91" hits="0" branch="false"/>
            <line number="96" hits="10" branch="false"/>
            <line number="98" hits="10" branch="false"/>
            <line number="99" hits="3277" branch="true" condition-coverage="100% (4/4)">
              <conditions>
                <condition number="0" type="jump" coverage="100%"/>
              </conditions>
            </line>
            <line number="100" hits="3267" branch="false"/>
            <line number="101" hits="3267" branch="false"/>
            <line number="102" hits="3267" branch="true" condition-coverage="100% (2/2)">
              <conditions>
                <condition number="0" type="jump" coverage="100%"/>
              </conditions>
            </line>
            <line number="104" hits="3114" branch="false"/>
            <line number="105" hits="3114" branch="false"/>
            <line number="107" hits="153" branch="false"/>
            <line number="112" hits="153" branch="false"/>
            <line number="113" hits="153" branch="false"/>
            <line number="117" hits="153" branch="true" condition-coverage="50% (1/2)">
              <conditions>
                <condition number="0" type="jump" coverage="50%"/>
              </conditions>
            </line>
            <line number="118" hits="153" branch="false"/>
            <line number="120" hits="153" branch="false"/>
            <line number="122" hits="0" branch="false"/>
            <line number="124" hits="0" branch="false"/>
            <line number="128" hits="153" branch="true" condition-coverage="50% (1/2)">
              <conditions>
                <condition number="0" type="jump" coverage="50%"/>
              </conditions>
            </line>
            <line number="129" hits="153" branch="false"/>
            <line number="130" hits="153" branch="true" condition-coverage="50% (1/2)">
              <conditions>
                <condition number="0" type="jump" coverage="50%"/>
              </conditions>
            </line>
            <line number="131" hits="153" branch="false"/>
            <line number="132" hits="153" branch="false"/>
            <line number="133" hits="153" branch="false"/>
            <line number="136" hits="153" branch="true" condition-coverage="50% (1/2)">
              <conditions>
                <condition number="0" type="jump" coverage="50%"/>
              </conditions>
            </line>
            <line number="137" hits="153" branch="false"/>
            <line number="139" hits="153" branch="false"/>
            <line number="141" hits="10" branch="false"/>
            <line number="145" hits="10" branch="false"/>
            <line number="148" hits="10" branch="true" condition-coverage="50% (1/2)">
              <conditions>
                <condition number="0" type="jump" coverage="50%"/>
              </conditions>
            </line>
            <line number="150" hits="0" branch="false"/>
            <line number="151" hits="0" branch="false"/>
            <line number="154" hits="10" branch="true" condition-coverage="50% (1/2)">
              <conditions>
                <condition number="0" type="jump" coverage="50%"/>
              </conditions>
            </line>
            <line number="155" hits="0" branch="false"/>
            <line number="156" hits="10" branch="true" condition-coverage="50% (2/4)">
              <conditions>
                <condition number="0" type="jump" coverage="50%"/>
              </conditions>
            </line>
            <line number="157" hits="0" branch="false"/>
            <line number="158" hits="10" branch="false"/>
            <line number="161" hits="10" branch="true" condition-coverage="50% (1/2)">
              <conditions>
                <condition number="0" type="jump" coverage="50%"/>
              </conditions>
            </line>
            <line number="162" hits="10" branch="false"/>
            <line number="163" hits="10" branch="true" condition-coverage="50% (1/2)">
              <conditions>
                <condition number="0" type="jump" coverage="50%"/>
              </conditions>
            </line>
            <line number="164" hits="0" branch="false"/>
            <line number="165" hits="10" branch="false"/>
            <line number="166" hits="10" branch="false"/>
            <line number="169" hits="10" branch="true" condition-coverage="50% (1/2)">
              <conditions>
                <condition number="0" type="jump" coverage="50%"/>
              </conditions>
            </line>
            <line number="170" hits="10" branch="false"/>
            <line number="171" hits="10" branch="true" condition-coverage="50% (1/2)">
              <conditions>
                <condition number="0" type="jump" coverage="50%"/>
              </conditions>
            </line>
            <line number="172" hits="0" branch="false"/>
            <line number="173" hits="0" branch="false"/>
            <line number="177" hits="10" branch="true" condition-coverage="50% (1/2)">
              <conditions>
                <condition number="0" type="jump" coverage="50%"/>
              </conditions>
            </line>
            <line number="178" hits="10" branch="false"/>
            <line number="180" hits="0" branch="false"/>
            <line number="184" hits="10" branch="false"/>
            <line number="185" hits="10" branch="true" condition-coverage="50% (1/2)">
              <conditions>
                <condition number="0" type="jump" coverage="50%"/>
              </conditions>
            </line>
            <line number="186" hits="0" branch="true" condition-coverage="0% (0/2)">
              <conditions>
                <condition number="0" type="jump" coverage="0%"/>
              </conditions>
            </line>
            <line number="187" hits="0" branch="false"/>
            <line number="188" hits="0" branch="false"/>
            <line number="189" hits="0" branch="false"/>
            <line number="191" hits="10" branch="false"/>
            <line number="195" hits="153" branch="false"/>
            <line number="196" hits="153" branch="true" condition-coverage="50% (2/4)">
              <conditions>
                <condition number="0" type="jump" coverage="50%"/>
              </conditions>
            </line>
            <line number="197" hits="0" branch="false"/>
            <line number="198" hits="153" branch="true" condition-coverage="50% (1/2)">
              <conditions>
                <condition number="0" type="jump" coverage="50%"/>
              </conditions>
            </line>
            <line number="199" hits="0" branch="false"/>
            <line number="201" hits="153" branch="false"/>
            <line number="202" hits="153" branch="false"/>
            <line number="203" hits="153" branch="false"/>
            <line number="205" hits="153" branch="true" condition-coverage="50% (1/2)">
              <conditions>
                <condition number="0" type="jump" coverage="50%"/>
              </conditions>
            </line>
            <line number="206" hits="0" branch="false"/>
            <line number="207" hits="0" branch="false"/>
            <line number="210" hits="153" branch="false"/>
            <line number="211" hits="153" branch="false"/>
            <line number="212" hits="153" branch="false"/>
            <line number="215" hits="153" branch="false"/>
            <line number="216" hits="153" branch="false"/>
            <line number="217" hits="153" branch="false"/>
            <line number="219" hits="153" branch="false"/>
            <line number="220" hits="153" branch="false"/>
            <line number="224" hits="10" branch="false"/>
            <line number="225" hits="10" branch="false"/>
            <line number="226" hits="10" branch="false"/>
            <line number="227" hits="10" branch="true" condition-coverage="50% (1/2)">
              <conditions>
                <condition number="0" type="jump" coverage="50%"/>
              </conditions>
            </line>
            <line number="228" hits="10" branch="false"/>
            <line number="229" hits="10" branch="false"/>
            <line number="231" hits="10" branch="true" condition-coverage="50% (1/2)">
              <conditions>
                <condition number="0" type="jump" coverage="50%"/>
              </conditions>
            </line>
            <line number="232" hits="10" branch="false"/>
            <line number="233" hits="10" branch="false"/>
            <line number="235" hits="10" branch="false"/>
          </lines>
        </class>
        <class name="main_c" filename="src/main.c" line-rate="0.6363636363636364" branch-rate="0.5714285714285714" complexity="0.0">
          <methods/>
          <lines>
            <line number="8" hits="10" branch="false"/>
            <line number="10" hits="10" branch="false"/>
            <line number="13" hits="20" branch="true" condition-coverage="100% (2/2)">
              <conditions>
                <condition number="0" type="jump" coverage="100%"/>
              </conditions>
            </line>
            <line number="14" hits="10" branch="true" condition-coverage="50% (2/4)">
              <conditions>
                <condition number="0" type="jump" coverage="50%"/>
              </conditions>
            </line>
            <line number="15" hits="10" branch="false"/>
            <line number="20" hits="10" branch="false"/>
            <line number="21" hits="10" branch="true" condition-coverage="50% (1/2)">
              <conditions>
                <condition number="0" type="jump" coverage="50%"/>
              </conditions>
            </line>
            <line number="22" hits="0" branch="false"/>
            <line number="25" hits="10" branch="true" condition-coverage="50% (1/2)">
              <conditions>
                <condition number="0" type="jump" coverage="50%"/>
              </conditions>
            </line>
            <line number="26" hits="0" branch="false"/>
            <line number="27" hits="0" branch="false"/>
            <line number="30" hits="10" branch="false"/>
            <line number="32" hits="10" branch="true" condition-coverage="50% (1/2)">
              <conditions>
                <condition number="0" type="jump" coverage="50%"/>
              </conditions>
            </line>
            <line number="33" hits="0" branch="false"/>
            <line number="34" hits="0" branch="false"/>
            <line number="37" hits="10" branch="false"/>
            <line number="40" hits="10" branch="true" condition-coverage="50% (1/2)">
              <conditions>
                <condition number="0" type="jump" coverage="50%"/>
              </conditions>
            </line>
            <line number="41" hits="0" branch="false"/>
            <line number="42" hits="0" branch="false"/>
            <line number="43" hits="0" branch="false"/>
            <line number="46" hits="10" branch="false"/>
            <line number="47" hits="10" branch="false"/>
          </lines>
        </class>
        <class name="router_c" filename="src/router.c" line-rate="0.550561797752809" branch-rate="0.45794392523364486" complexity="0.0">
          <methods/>
          <lines>
            <line number="46" hits="2" branch="false"/>
            <line number="48" hits="2" branch="false"/>
            <line number="49" hits="2" branch="false"/>
            <line number="50" hits="2" branch="false"/>
            <line number="52" hits="2" branch="true" condition-coverage="50% (1/2)">
              <conditions>
                <condition number="0" type="jump" coverage="50%"/>
              </conditions>
            </line>
            <line number="53" hits="0" branch="false"/>
            <line number="54" hits="0" branch="false"/>
            <line number="56" hits="0" branch="true" condition-coverage="0% (0/2)">
              <conditions>
                <condition number="0" type="jump" coverage="0%"/>
              </conditions>
            </line>
            <line number="57" hits="0" branch="false"/>
            <line number="58" hits="0" branch="false"/>
            <line number="59" hits="0" branch="false"/>
            <line number="60" hits="0" branch="false"/>
            <line number="61" hits="0" branch="false"/>
            <line number="63" hits="0" branch="false"/>
            <line number="69" hits="0" branch="false"/>
            <line number="70" hits="0" branch="false"/>
            <line number="73" hits="0" branch="false"/>
            <line number="76" hits="2" branch="true" condition-coverage="50% (1/2)">
              <conditions>
                <condition number="0" type="jump" coverage="50%"/>
              </conditions>
            </line>
            <line number="77" hits="0" branch="false"/>
            <line number="78" hits="0" branch="false"/>
            <line number="79" hits="0" branch="false"/>
            <line number="80" hits="0" branch="false"/>
            <line number="81" hits="0" branch="false"/>
            <line number="83" hits="2" branch="false"/>
            <line number="88" hits="2" branch="false"/>
            <line number="89" hits="2" branch="false"/>
            <line number="92" hits="2" branch="false"/>
            <line number="95" hits="9" branch="false"/>
            <line number="97" hits="9" branch="false"/>
            <line number="100" hits="23" branch="false"/>
            <line number="102" hits="23" branch="false"/>
            <line number="104" hits="46" branch="true" condition-coverage="100% (2/2)">
              <conditions>
                <condition number="0" type="jump" coverage="100%"/>
              </conditions>
            </line>
            <line number="106" hits="23" branch="false"/>
            <line number="107" hits="23" branch="true" condition-coverage="50% (1/2)">
              <conditions>
                <condition number="0" type="jump" coverage="50%"/>
              </conditions>
            </line>
            <line number="108" hits="0" branch="false"/>
            <line number="109" hits="23" branch="false"/>
            <line number="112" hits="23" branch="false"/>
            <line number="115" hits="3" branch="false"/>
            <line number="118" hits="3" branch="true" condition-coverage="50% (1/2)">
              <conditions>
                <condition number="0" type="jump" coverage="50%"/>
              </conditions>
            </line>
            <line number="120" hits="3" branch="true" condition-coverage="50% (1/2)">
              <conditions>
                <condition number="0" type="jump" coverage="50%"/>
              </conditions>
            </line>
            <line number="125" hits="3" branch="true" condition-coverage="50% (2/4)">
              <conditions>
                <condition number="0" type="jump" coverage="50%"/>
              </conditions>
            </line>
            <line number="126" hits="0" branch="false"/>
            <line number="127" hits="3" branch="true" condition-coverage="50% (1/2)">
              <conditions>
                <condition number="0" type="jump" coverage="50%"/>
              </conditions>
            </line>
            <line number="128" hits="0" branch="false"/>
            <line number="129" hits="3" branch="true" condition-coverage="25% (1/4)">
              <conditions>
                <condition number="0" type="jump" coverage="25%"/>
              </conditions>
            </line>
            <line number="130" hits="0" branch="false"/>
            <line number="131" hits="3" branch="false"/>
            <line number="134" hits="3" branch="false"/>
            <line number="140" hits="3" branch="true" condition-coverage="50% (4/8)">
              <conditions>
                <condition number="0" type="jump" coverage="50%"/>
              </conditions>
            </line>
            <line number="141" hits="0" branch="false"/>
            <line number="143" hits="3" branch="false"/>
            <line number="144" hits="3" branch="true" condition-coverage="50% (2/4)">
              <conditions>
                <condition number="0" type="jump" coverage="50%"/>
              </conditions>
            </line>
            <line number="145" hits="0" branch="false"/>
            <line number="147" hits="3" branch="false"/>
            <line number="148" hits="3" branch="false"/>
            <line number="149" hits="3" branch="false"/>
            <line number="150" hits="3" branch="false"/>
            <line number="151" hits="3" branch="false"/>
            <line number="152" hits="3" branch="false"/>
            <line number="155" hits="9" branch="false"/>
            <line number="157" hits="9" branch="false"/>
            <line number="159" hits="9" branch="true" condition-coverage="50% (1/2)">
              <conditions>
                <condition number="0" type="jump" coverage="50%"/>
              </conditions>
            </line>
            <line number="160" hits="0" branch="false"/>
            <line number="161" hits="9" branch="true" condition-coverage="75% (3/4)">
              <conditions>
                <condition number="0" type="jump" coverage="75%"/>
              </conditions>
            </line>
            <line number="162" hits="3" branch="false"/>
            <line number="163" hits="6" branch="true" condition-coverage="100% (2/2)">
              <conditions>
                <condition number="0" type="jump" coverage="100%"/>
              </conditions>
            </line>
            <line number="164" hits="1" branch="false"/>
            <line number="165" hits="5" branch="true" condition-coverage="100% (2/2)">
              <conditions>
                <condition number="0" type="jump" coverage="100%"/>
              </conditions>
            </line>
            <line number="166" hits="1" branch="false"/>
            <line number="167" hits="4" branch="true" condition-coverage="100% (2/2)">
              <conditions>
                <condition number="0" type="jump" coverage="100%"/>
              </conditions>
            </line>
            <line number="168" hits="1" branch="false"/>
            <line number="169" hits="3" branch="true" condition-coverage="100% (2/2)">
              <conditions>
                <condition number="0" type="jump" coverage="100%"/>
              </conditions>
            </line>
            <line number="170" hits="1" branch="false"/>
            <line number="171" hits="2" branch="true" condition-coverage="100% (2/2)">
              <conditions>
                <condition number="0" type="jump" coverage="100%"/>
              </conditions>
            </line>
            <line number="172" hits="1" branch="false"/>
            <line number="173" hits="1" branch="true" condition-coverage="25% (1/4)">
              <conditions>
                <condition number="0" type="jump" coverage="25%"/>
              </conditions>
            </line>
            <line number="174" hits="1" branch="false"/>
            <line number="175" hits="0" branch="false"/>
            <line number="178" hits="15" branch="false"/>
            <line number="182" hits="16" branch="true" condition-coverage="100% (2/2)">
              <conditions>
                <condition number="0" type="jump" coverage="100%"/>
              </conditions>
            </line>
            <line number="184" hits="15" branch="true" condition-coverage="50% (1/2)">
              <conditions>
                <condition number="0" type="jump" coverage="50%"/>
              </conditions>
            </line>
            <line number="186" hits="15" branch="false"/>
            <line number="187" hits="15" branch="true" condition-coverage="50% (1/2)">
              <conditions>
                <condition number="0" type="jump" coverage="50%"/>
              </conditions>
            </line>
            <line number="188" hits="0" branch="false"/>
            <line number="189" hits="15" branch="true" condition-coverage="100% (2/2)">
              <conditions>
                <condition number="0" type="jump" coverage="100%"/>
              </conditions>
            </line>
            <line number="194" hits="14" branch="false"/>
            <line number="195" hits="14" branch="false"/>
            <line number="200" hits="14" branch="true" condition-coverage="100% (2/2)">
              <conditions>
                <condition number="0" type="jump" coverage="100%"/>
              </conditions>
            </line>
            <line number="201" hits="1" branch="false"/>
            <line number="203" hits="13" branch="false"/>
            <line number="204" hits="13" branch="false"/>
            <line number="207" hits="13" branch="true" condition-coverage="50% (1/2)">
              <conditions>
                <condition number="0" type="jump" coverage="50%"/>
              </conditions>
            </line>
            <line number="208" hits="13" branch="true" condition-coverage="50% (2/4)">
              <conditions>
                <condition number="0" type="jump" coverage="50%"/>
              </conditions>
            </line>
            <line number="209" hits="0" branch="false"/>
            <line number="211" hits="13" branch="true" condition-coverage="100% (2/2)">
              <conditions>
                <condition number="0" type="jump" coverage="100%"/>
              </conditions>
            </line>
            <line number="212" hits="5" branch="false"/>
            <line number="213" hits="5" branch="false"/>
            <line number="214" hits="8" branch="true" condition-coverage="50% (1/2)">
              <conditions>
                <condition number="0" type="jump" coverage="50%"/>
              </conditions>
            </line>
            <line number="215" hits="0" branch="false"/>
            <line number="218" hits="13" branch="false"/>
            <line number="219" hits="13" branch="true" condition-coverage="100% (2/2)">
              <conditions>
                <condition number="0" type="jump" coverage="100%"/>
              </conditions>
            </line>
            <line number="220" hits="3" branch="false"/>
            <line number="222" hits="10" branch="true" condition-coverage="50% (1/2)">
              <conditions>
                <condition number="0" type="jump" coverage="50%"/>
              </conditions>
            </line>
            <line number="224" hits="0" branch="false"/>
            <line number="225" hits="0" branch="false"/>
            <line number="228" hits="10" branch="false"/>
            <line number="229" hits="10" branch="true" condition-coverage="100% (2/2)">
              <conditions>
                <condition number="0" type="jump" coverage="100%"/>
              </conditions>
            </line>
            <line number="230" hits="9" branch="true" condition-coverage="50% (2/4)">
              <conditions>
                <condition number="0" type="jump" coverage="50%"/>
              </conditions>
            </line>
            <line number="232" hits="1" branch="false"/>
            <line number="233" hits="1" branch="false"/>
            <line number="236" hits="9" branch="false"/>
            <line number="237" hits="9" branch="true" condition-coverage="50% (2/4)">
              <conditions>
                <condition number="0" type="jump" coverage="50%"/>
              </conditions>
            </line>
            <line number="239" hits="0" branch="false"/>
            <line number="240" hits="0" branch="false"/>
            <line number="243" hits="9" branch="false"/>
            <line number="244" hits="9" branch="false"/>
            <line number="245" hits="9" branch="false"/>
            <line number="250" hits="1" branch="false"/>
            <line number="253" hits="2" branch="false"/>
            <line number="255" hits="2" branch="false"/>
            <line number="256" hits="2" branch="false"/>
            <line number="257" hits="2" branch="false"/>
            <line number="259" hits="2" branch="false"/>
            <line number="261" hits="2" branch="true" condition-coverage="50% (1/2)">
              <conditions>
                <condition number="0" type="jump" coverage="50%"/>
              </conditions>
            </line>
            <line number="262" hits="0" branch="false"/>
            <line number="263" hits="2" branch="true" condition-coverage="100% (2/2)">
              <conditions>
                <condition number="0" type="jump" coverage="100%"/>
              </conditions>
            </line>
            <line number="264" hits="1" branch="false"/>
            <line number="265" hits="1" branch="true" condition-coverage="50% (1/2)">
              <conditions>
                <condition number="0" type="jump" coverage="50%"/>
              </conditions>
            </line>
            <line number="266" hits="0" branch="false"/>
            <line number="267" hits="1" branch="true" condition-coverage="50% (1/2)">
              <conditions>
                <condition number="0" type="jump" coverage="50%"/>
              </conditions>
            </line>
            <line number="268" hits="0" branch="false"/>
            <line number="270" hits="1" branch="true" condition-coverage="50% (1/2)">
              <conditions>
                <condition number="0" type="jump" coverage="50%"/>
              </conditions>
            </line>
            <line number="272" hits="0" branch="false"/>
            <line number="273" hits="0" branch="false"/>
            <line number="276" hits="1" branch="false"/>
            <line number="277" hits="1" branch="false"/>
            <line number="278" hits="1" branch="false"/>
            <line number="280" hits="1" branch="false"/>
            <line number="281" hits="2" branch="true" condition-coverage="100% (2/2)">
              <conditions>
                <condition number="0" type="jump" coverage="100%"/>
              </conditions>
            </line>
            <line number="283" hits="1" branch="false"/>
            <line number="284" hits="1" branch="true" condition-coverage="50% (1/2)">
              <conditions>
                <condition number="0" type="jump" coverage="50%"/>
              </conditions>
            </line>
            <line number="286" hits="0" branch="false"/>
            <line number="287" hits="0" branch="false"/>
            <line number="289" hits="1" branch="true" condition-coverage="50% (1/2)">
              <conditions>
                <condition number="0" type="jump" coverage="50%"/>
              </conditions>
            </line>
            <line number="290" hits="0" branch="false"/>
            <line number="291" hits="1" branch="false"/>
            <line number="293" hits="1" branch="false"/>
            <line number="295" hits="1" branch="false"/>
            <line number="296" hits="1" branch="false"/>
            <line number="297" hits="1" branch="false"/>
            <line number="300" hits="0" branch="false"/>
            <line number="302" hits="0" branch="true" condition-coverage="0% (0/2)">
[...]
            <line number="91" hits="22" branch="false"/>
            <line number="92" hits="22" branch="false"/>
            <line number="93" hits="22" branch="false"/>
            <line number="96" hits="326" branch="false"/>
            <line number="97" hits="326" branch="true" condition-coverage="50% (1/2)">
              <conditions>
                <condition number="0" type="jump" coverage="50%"/>
              </conditions>
            </line>
            <line number="98" hits="326" branch="false"/>
            <line number="100" hits="326" branch="true" condition-coverage="50% (1/2)">
              <conditions>
                <condition number="0" type="jump" coverage="50%"/>
              </conditions>
            </line>
            <line number="101" hits="326" branch="false"/>
            <line number="103" hits="326" branch="false"/>
            <line number="106" hits="326" branch="false"/>
            <line number="107" hits="326" branch="false"/>
            <line number="108" hits="326" branch="false"/>
            <line number="109" hits="326" branch="false"/>
            <line number="111" hits="22" branch="false"/>
            <line number="112" hits="348" branch="false"/>
            <line number="114" hits="685" branch="true" condition-coverage="100% (4/4)">
              <conditions>
                <condition number="0" type="jump" coverage="100%"/>
              </conditions>
            </line>
            <line number="117" hits="337" branch="false"/>
            <line number="118" hits="337" branch="false"/>
            <line number="119" hits="337" branch="false"/>
            <line number="121" hits="337" branch="true" condition-coverage="25% (1/4)">
              <conditions>
                <condition number="0" type="jump" coverage="25%"/>
              </conditions>
            </line>
            <line number="122" hits="0" branch="true" condition-coverage="0% (0/2)">
              <conditions>
                <condition number="0" type="jump" coverage="0%"/>
              </conditions>
            </line>
            <line number="123" hits="0" branch="false"/>
            <line number="124" hits="0" branch="false"/>
            <line number="125" hits="0" branch="false"/>
            <line number="130" hits="348" branch="true" condition-coverage="100% (2/2)">
              <conditions>
                <condition number="0" type="jump" coverage="100%"/>
              </conditions>
            </line>
            <line number="131" hits="326" branch="false"/>
            <line number="132" hits="326" branch="false"/>
            <line number="133" hits="326" branch="false"/>
            <line number="136" hits="22" branch="false"/>
            <line number="137" hits="22" branch="false"/>
            <line number="138" hits="22" branch="true" condition-coverage="50% (1/2)">
              <conditions>
                <condition number="0" type="jump" coverage="50%"/>
              </conditions>
            </line>
            <line number="140" hits="22" branch="false"/>
            <line number="147" hits="13" branch="false"/>
            <line number="148" hits="13" branch="false"/>
            <line number="149" hits="13" branch="true" condition-coverage="50% (1/2)">
              <conditions>
                <condition number="0" type="jump" coverage="50%"/>
              </conditions>
            </line>
            <line number="150" hits="0" branch="false"/>
            <line number="151" hits="13" branch="true" condition-coverage="50% (1/2)">
              <conditions>
                <condition number="0" type="jump" coverage="50%"/>
              </conditions>
            </line>
            <line number="152" hits="0" branch="false"/>
            <line number="153" hits="0" branch="false"/>
            <line number="155" hits="13" branch="true" condition-coverage="50% (1/2)">
              <conditions>
                <condition number="0" type="jump" coverage="50%"/>
              </conditions>
            </line>
            <line number="156" hits="0" branch="false"/>
            <line number="157" hits="13" branch="true" condition-coverage="100% (2/2)">
              <conditions>
                <condition number="0" type="jump" coverage="100%"/>
              </conditions>
            </line>
            <line number="158" hits="1" branch="false"/>
            <line number="159" hits="13" branch="false"/>
            <line number="160" hits="13" branch="false"/>
            <line number="161" hits="13" branch="false"/>
            <line number="162" hits="13" branch="false"/>
            <line number="163" hits="13" branch="false"/>
            <line number="164" hits="13" branch="false"/>
            <line number="165" hits="13" branch="false"/>
            <line number="166" hits="13" branch="true" condition-coverage="50% (1/2)">
              <conditions>
                <condition number="0" type="jump" coverage="50%"/>
              </conditions>
            </line>
            <line number="167" hits="0" branch="false"/>
            <line number="168" hits="0" branch="false"/>
            <line number="169" hits="0" branch="false"/>
            <line number="170" hits="0" branch="false"/>
            <line number="172" hits="13" branch="false"/>
            <line number="173" hits="13" branch="false"/>
            <line number="174" hits="13" branch="false"/>
            <line number="175" hits="13" branch="false"/>
            <line number="176" hits="13" branch="true" condition-coverage="50% (3/6)">
              <conditions>
                <condition number="0" type="jump" coverage="50%"/>
              </conditions>
            </line>
            <line number="177" hits="0" branch="false"/>
            <line number="178" hits="0" branch="false"/>
            <line number="179" hits="0" branch="false"/>
            <line number="180" hits="0" branch="false"/>
            <line number="181" hits="0" branch="false"/>
            <line number="182" hits="0" branch="false"/>
            <line number="183" hits="0" branch="false"/>
            <line number="184" hits="0" branch="false"/>
            <line number="187" hits="337" branch="true" condition-coverage="100% (2/2)">
              <conditions>
                <condition number="0" type="jump" coverage="100%"/>
              </conditions>
            </line>
            <line number="188" hits="324" branch="false"/>
            <line number="189" hits="324" branch="false"/>
            <line number="190" hits="324" branch="true" condition-coverage="50% (1/2)">
              <conditions>
                <condition number="0" type="jump" coverage="50%"/>
              </conditions>
            </line>
            <line number="191" hits="0" branch="false"/>
            <line number="192" hits="0" branch="false"/>
            <line number="193" hits="0" branch="true" condition-coverage="0% (0/2)">
              <conditions>
                <condition number="0" type="jump" coverage="0%"/>
              </conditions>
            </line>
            <line number="194" hits="0" branch="false"/>
            <line number="195" hits="0" branch="false"/>
            <line number="196" hits="0" branch="false"/>
            <line number="197" hits="0" branch="false"/>
            <line number="198" hits="0" branch="false"/>
            <line number="199" hits="0" branch="false"/>
            <line number="200" hits="0" branch="false"/>
            <line number="201" hits="0" branch="false"/>
            <line number="202" hits="0" branch="false"/>
            <line number="204" hits="324" branch="false"/>
            <line number="206" hits="13" branch="false"/>
            <line number="211" hits="22" branch="false"/>
            <line number="212" hits="22" branch="false"/>
            <line number="214" hits="22" branch="true" condition-coverage="50% (1/2)">
              <conditions>
                <condition number="0" type="jump" coverage="50%"/>
              </conditions>
            </line>
            <line number="215" hits="0" branch="false"/>
            <line number="216" hits="0" branch="false"/>
            <line number="219" hits="22" branch="false"/>
            <line number="220" hits="22" branch="true" condition-coverage="50% (1/2)">
              <conditions>
                <condition number="0" type="jump" coverage="50%"/>
              </conditions>
            </line>
            <line number="221" hits="0" branch="false"/>
            <line number="222" hits="0" branch="false"/>
            <line number="225" hits="22" branch="true" condition-coverage="100% (4/4)">
              <conditions>
                <condition number="0" type="jump" coverage="100%"/>
              </conditions>
            </line>
            <line number="227" hits="2" branch="true" condition-coverage="50% (1/2)">
              <conditions>
                <condition number="0" type="jump" coverage="50%"/>
              </conditions>
            </line>
            <line number="228" hits="0" branch="false"/>
            <line number="230" hits="2" branch="true" condition-coverage="50% (1/2)">
              <conditions>
                <condition number="0" type="jump" coverage="50%"/>
              </conditions>
            </line>
            <line number="231" hits="0" branch="false"/>
            <line number="233" hits="2" branch="false"/>
            <line number="236" hits="2" branch="true" condition-coverage="50% (1/2)">
              <conditions>
                <condition number="0" type="jump" coverage="50%"/>
              </conditions>
            </line>
            <line number="237" hits="2" branch="false"/>
            <line number="238" hits="2" branch="false"/>
            <line number="239" hits="2" branch="true" condition-coverage="50% (1/2)">
              <conditions>
                <condition number="0" type="jump" coverage="50%"/>
              </conditions>
            </line>
            <line number="240" hits="2" branch="false"/>
            <line number="245" hits="22" branch="false"/>
            <line number="246" hits="22" branch="false"/>
            <line number="247" hits="22" branch="false"/>
            <line number="251" hits="13" branch="false"/>
            <line number="252" hits="13" branch="false"/>
            <line number="253" hits="13" branch="false"/>
            <line number="254" hits="13" branch="false"/>
            <line number="255" hits="13" branch="false"/>
            <line number="257" hits="339" branch="true" condition-coverage="100% (2/2)">
              <conditions>
                <condition number="0" type="jump" coverage="100%"/>
              </conditions>
            </line>
            <line number="258" hits="326" branch="false"/>
            <line number="260" hits="13" branch="false"/>
            <line number="261" hits="13" branch="false"/>
            <line number="262" hits="13" branch="false"/>
            <line number="263" hits="13" branch="false"/>
            <line number="264" hits="13" branch="false"/>
            <line number="265" hits="13" branch="false"/>
            <line number="266" hits="13" branch="false"/>
            <line number="267" hits="13" branch="false"/>
          </lines>
        </class>
        <class name="tls_c" filename="src/tls.c" line-rate="0.6666666666666666" branch-rate="0.4444444444444444" complexity="0.0">
          <methods/>
          <lines>
            <line number="32" hits="10" branch="false"/>
            <line number="34" hits="10" branch="false"/>
            <line number="35" hits="10" branch="true" condition-coverage="50% (1/2)">
              <conditions>
                <condition number="0" type="jump" coverage="50%"/>
              </conditions>
            </line>
            <line number="37" hits="0" branch="false"/>
            <line number="38" hits="0" branch="false"/>
            <line number="40" hits="10" branch="false"/>
            <line number="45" hits="10" branch="false"/>
            <line number="47" hits="10" branch="true" condition-coverage="50% (1/2)">
              <conditions>
                <condition number="0" type="jump" coverage="50%"/>
              </conditions>
            </line>
            <line number="49" hits="0" branch="false"/>
            <line number="50" hits="0" branch="false"/>
            <line number="51" hits="0" branch="false"/>
            <line number="53" hits="10" branch="false"/>
            <line number="55" hits="10" branch="true" condition-coverage="50% (1/2)">
              <conditions>
                <condition number="0" type="jump" coverage="50%"/>
              </conditions>
            </line>
            <line number="57" hits="0" branch="false"/>
            <line number="59" hits="0" branch="false"/>
            <line number="60" hits="0" branch="false"/>
            <line number="62" hits="10" branch="true" condition-coverage="50% (1/2)">
              <conditions>
                <condition number="0" type="jump" coverage="50%"/>
              </conditions>
            </line>
            <line number="64" hits="0" branch="false"/>
            <line number="66" hits="0" branch="false"/>
            <line number="67" hits="0" branch="false"/>
            <line number="70" hits="10" branch="false"/>
            <line number="74" hits="10" branch="false"/>
            <line number="77" hits="10" branch="false"/>
            <line number="80" hits="10" branch="false"/>
            <line number="81" hits="10" branch="true" condition-coverage="50% (1/2)">
              <conditions>
                <condition number="0" type="jump" coverage="50%"/>
              </conditions>
            </line>
            <line number="83" hits="0" branch="false"/>
            <line number="84" hits="0" branch="false"/>
            <line number="85" hits="0" branch="false"/>
            <line number="89" hits="10" branch="false"/>
            <line number="90" hits="10" branch="true" condition-coverage="50% (1/2)">
              <conditions>
                <condition number="0" type="jump" coverage="50%"/>
              </conditions>
            </line>
            <line number="91" hits="10" branch="false"/>
            <line number="92" hits="10" branch="false"/>
            <line number="94" hits="10" branch="true" condition-coverage="50% (1/2)">
              <conditions>
                <condition number="0" type="jump" coverage="50%"/>
              </conditions>
            </line>
            <line number="95" hits="10" branch="false"/>
            <line number="96" hits="10" branch="false"/>
            <line number="98" hits="10" branch="true" condition-coverage="50% (1/2)">
              <conditions>
                <condition number="0" type="jump" coverage="50%"/>
              </conditions>
            </line>
            <line number="99" hits="10" branch="false"/>
            <line number="103" hits="10" branch="false"/>
            <line number="104" hits="10" branch="false"/>
            <line number="107" hits="10" branch="true" condition-coverage="50% (1/2)">
              <conditions>
                <condition number="0" type="jump" coverage="50%"/>
              </conditions>
            </line>
            <line number="109" hits="0" branch="false"/>
            <line number="110" hits="0" branch="true" condition-coverage="0% (0/2)">
              <conditions>
                <condition number="0" type="jump" coverage="0%"/>
              </conditions>
            </line>
            <line number="113" hits="0" branch="true" condition-coverage="0% (0/2)">
              <conditions>
                <condition number="0" type="jump" coverage="0%"/>
              </conditions>
            </line>
            <line number="115" hits="0" branch="true" condition-coverage="0% (0/2)">
              <conditions>
                <condition number="0" type="jump" coverage="0%"/>
              </conditions>
            </line>
            <line number="117" hits="0" branch="false"/>
            <line number="118" hits="0" branch="false"/>
            <line number="122" hits="0" branch="false"/>
            <line number="127" hits="0" branch="false"/>
            <line number="130" hits="0" branch="false"/>
            <line number="134" hits="0" branch="false"/>
            <line number="135" hits="0" branch="false"/>
            <line number="140" hits="10" branch="false"/>
            <line number="144" hits="10" branch="false"/>
            <line number="145" hits="10" branch="false"/>
            <line number="147" hits="10" branch="false"/>
            <line number="150" hits="10" branch="false"/>
            <line number="153" hits="3" branch="false"/>
            <line number="158" hits="3" branch="true" condition-coverage="50% (1/2)">
              <conditions>
                <condition number="0" type="jump" coverage="50%"/>
              </conditions>
            </line>
            <line number="161" hits="0" branch="false"/>
            <line number="163" hits="3" branch="false"/>
            <line number="170" hits="20" branch="false"/>
            <line number="174" hits="20" branch="false"/>
            <line number="176" hits="20" branch="false"/>
            <line number="177" hits="20" branch="true" condition-coverage="50% (1/2)">
              <conditions>
                <condition number="0" type="jump" coverage="50%"/>
              </conditions>
            </line>
            <line number="179" hits="20" branch="false"/>
            <line number="180" hits="20" branch="false"/>
            <line number="182" hits="20" branch="true" condition-coverage="50% (1/2)">
              <conditions>
                <condition number="0" type="jump" coverage="50%"/>
              </conditions>
            </line>
            <line number="184" hits="0" branch="false"/>
            <line number="185" hits="0" branch="false"/>
            <line number="189" hits="20" branch="false"/>
            <line number="196" hits="0" branch="false"/>
            <line number="200" hits="0" branch="false"/>
            <line number="201" hits="0" branch="false"/>
            <line number="207" hits="20" branch="false"/>
            <line number="209" hits="20" branch="true" condition-coverage="100% (2/2)">
              <conditions>
                <condition number="0" type="jump" coverage="100%"/>
              </conditions>
            </line>
            <line number="210" hits="10" branch="false"/>
            <line number="212" hits="10" branch="false"/>
            <line number="213" hits="10" branch="false"/>
            <line number="214" hits="10" branch="false"/>
            <line number="215" hits="10" branch="false"/>
            <line number="216" hits="10" branch="false"/>
            <line number="218" hits="10" branch="false"/>
            <line number="219" hits="10" branch="true" condition-coverage="50% (1/2)">
              <conditions>
                <condition number="0" type="jump" coverage="50%"/>
              </conditions>
            </line>
            <line number="221" hits="10" branch="false"/>
            <line number="226" hits="10" branch="false"/>
            <line number="227" hits="10" branch="false"/>
            <line number="228" hits="10" branch="false"/>
            <line number="231" hits="10" branch="false"/>
            <line number="233" hits="10" branch="true" condition-coverage="50% (1/2)">
              <conditions>
                <condition number="0" type="jump" coverage="50%"/>
              </conditions>
            </line>
            <line number="235" hits="10" branch="false"/>
            <line number="236" hits="10" branch="false"/>
            <line number="238" hits="10" branch="false"/>
            <line number="239" hits="10" branch="false"/>
          </lines>
        </class>
      </classes>
    </package>
  </packages>
</coverage>
